2026-03-23 10:52:30 [ERROR]: uncaughtException: Route.get() requires a callback function but got a [object Undefined]
Error: Route.get() requires a callback function but got a [object Undefined]
    at Route.<computed> [as get] (/home/darkhat/projects/react-projects/react-image-editor/backend/node_modules/.pnpm/express@4.22.1/node_modules/express/lib/router/route.js:216:15)
    at proto.<computed> [as get] (/home/darkhat/projects/react-projects/react-image-editor/backend/node_modules/.pnpm/express@4.22.1/node_modules/express/lib/router/index.js:521:19)
    at Object.<anonymous> (/home/darkhat/projects/react-projects/react-image-editor/backend/src/routes/users.js:15:8)
    at Module._compile (node:internal/modules/cjs/loader:1705:14)
    at Module._extensions..js (node:internal/modules/cjs/loader:1838:10)
    at Module.load (node:internal/modules/cjs/loader:1441:32)
    at Module._load (node:internal/modules/cjs/loader:1263:12)
    at TracingChannel.traceSync (node:diagnostics_channel:328:14)
    at wrapModuleLoad (node:internal/modules/cjs/loader:237:24)
    at Module.require (node:internal/modules/cjs/loader:1463:12) {"error":{},"exception":true,"date":"Mon Mar 23 2026 10:52:30 GMT+0300 (East Africa Time)","process":{"pid":193717,"uid":1000,"gid":1000,"cwd":"/home/darkhat/projects/react-projects/react-image-editor/backend","execPath":"/usr/bin/node","version":"v22.22.1","argv":["/usr/bin/node","/home/darkhat/projects/react-projects/react-image-editor/backend/src/app.js"],"memoryUsage":{"rss":122650624,"heapTotal":60805120,"heapUsed":34561144,"external":20691760,"arrayBuffers":18297511}},"os":{"loadavg":[3.87,3.03,3.15],"uptime":89941.24},"trace":[{"column":15,"file":"/home/darkhat/projects/react-projects/react-image-editor/backend/node_modules/.pnpm/express@4.22.1/node_modules/express/lib/router/route.js","function":"Route.<computed> [as get]","line":216,"method":"<computed> [as get]","native":false},{"column":19,"file":"/home/darkhat/projects/react-projects/react-image-editor/backend/node_modules/.pnpm/express@4.22.1/node_modules/express/lib/router/index.js","function":"proto.<computed> [as get]","line":521,"method":"<computed> [as get]","native":false},{"column":8,"file":"/home/darkhat/projects/react-projects/react-image-editor/backend/src/routes/users.js","function":null,"line":15,"method":null,"native":false},{"column":14,"file":"node:internal/modules/cjs/loader","function":"Module._compile","line":1705,"method":"_compile","native":false},{"column":10,"file":"node:internal/modules/cjs/loader","function":"Module._extensions..js","line":1838,"method":".js","native":false},{"column":32,"file":"node:internal/modules/cjs/loader","function":"Module.load","line":1441,"method":"load","native":false},{"column":12,"file":"node:internal/modules/cjs/loader","function":"Module._load","line":1263,"method":"_load","native":false},{"column":14,"file":"node:diagnostics_channel","function":"TracingChannel.traceSync","line":328,"method":"traceSync","native":false},{"column":24,"file":"node:internal/modules/cjs/loader","function":"wrapModuleLoad","line":237,"method":null,"native":false},{"column":12,"file":"node:internal/modules/cjs/loader","function":"Module.require","line":1463,"method":"require","native":false}],"service":"ai-media-editor"}
Error: Route.get() requires a callback function but got a [object Undefined]
    at Route.<computed> [as get] (/home/darkhat/projects/react-projects/react-image-editor/backend/node_modules/.pnpm/express@4.22.1/node_modules/express/lib/router/route.js:216:15)
    at proto.<computed> [as get] (/home/darkhat/projects/react-projects/react-image-editor/backend/node_modules/.pnpm/express@4.22.1/node_modules/express/lib/router/index.js:521:19)
    at Object.<anonymous> (/home/darkhat/projects/react-projects/react-image-editor/backend/src/routes/users.js:15:8)
    at Module._compile (node:internal/modules/cjs/loader:1705:14)
    at Module._extensions..js (node:internal/modules/cjs/loader:1838:10)
    at Module.load (node:internal/modules/cjs/loader:1441:32)
    at Module._load (node:internal/modules/cjs/loader:1263:12)
    at TracingChannel.traceSync (node:diagnostics_channel:328:14)
    at wrapModuleLoad (node:internal/modules/cjs/loader:237:24)
    at Module.require (node:internal/modules/cjs/loader:1463:12)
2026-03-23 10:52:56 [ERROR]: uncaughtException: Route.get() requires a callback function but got a [object Undefined]
Error: Route.get() requires a callback function but got a [object Undefined]
    at Route.<computed> [as get] (/home/darkhat/projects/react-projects/react-image-editor/backend/node_modules/.pnpm/express@4.22.1/node_modules/express/lib/router/route.js:216:15)
    at proto.<computed> [as get] (/home/darkhat/projects/react-projects/react-image-editor/backend/node_modules/.pnpm/express@4.22.1/node_modules/express/lib/router/index.js:521:19)
    at Object.<anonymous> (/home/darkhat/projects/react-projects/react-image-editor/backend/src/routes/users.js:15:8)
    at Module._compile (node:internal/modules/cjs/loader:1705:14)
    at Module._extensions..js (node:internal/modules/cjs/loader:1838:10)
    at Module.load (node:internal/modules/cjs/loader:1441:32)
    at Module._load (node:internal/modules/cjs/loader:1263:12)
    at TracingChannel.traceSync (node:diagnostics_channel:328:14)
    at wrapModuleLoad (node:internal/modules/cjs/loader:237:24)
    at Module.require (node:internal/modules/cjs/loader:1463:12) {"error":{},"exception":true,"date":"Mon Mar 23 2026 10:52:56 GMT+0300 (East Africa Time)","process":{"pid":194222,"uid":1000,"gid":1000,"cwd":"/home/darkhat/projects/react-projects/react-image-editor/backend","execPath":"/usr/bin/node","version":"v22.22.1","argv":["/usr/bin/node","/home/darkhat/projects/react-projects/react-image-editor/backend/src/app.js"],"memoryUsage":{"rss":124051456,"heapTotal":61329408,"heapUsed":34579696,"external":20691760,"arrayBuffers":18297511}},"os":{"loadavg":[3.03,2.9,3.1],"uptime":89967.52},"trace":[{"column":15,"file":"/home/darkhat/projects/react-projects/react-image-editor/backend/node_modules/.pnpm/express@4.22.1/node_modules/express/lib/router/route.js","function":"Route.<computed> [as get]","line":216,"method":"<computed> [as get]","native":false},{"column":19,"file":"/home/darkhat/projects/react-projects/react-image-editor/backend/node_modules/.pnpm/express@4.22.1/node_modules/express/lib/router/index.js","function":"proto.<computed> [as get]","line":521,"method":"<computed> [as get]","native":false},{"column":8,"file":"/home/darkhat/projects/react-projects/react-image-editor/backend/src/routes/users.js","function":null,"line":15,"method":null,"native":false},{"column":14,"file":"node:internal/modules/cjs/loader","function":"Module._compile","line":1705,"method":"_compile","native":false},{"column":10,"file":"node:internal/modules/cjs/loader","function":"Module._extensions..js","line":1838,"method":".js","native":false},{"column":32,"file":"node:internal/modules/cjs/loader","function":"Module.load","line":1441,"method":"load","native":false},{"column":12,"file":"node:internal/modules/cjs/loader","function":"Module._load","line":1263,"method":"_load","native":false},{"column":14,"file":"node:diagnostics_channel","function":"TracingChannel.traceSync","line":328,"method":"traceSync","native":false},{"column":24,"file":"node:internal/modules/cjs/loader","function":"wrapModuleLoad","line":237,"method":null,"native":false},{"column":12,"file":"node:internal/modules/cjs/loader","function":"Module.require","line":1463,"method":"require","native":false}],"service":"ai-media-editor"}
Error: Route.get() requires a callback function but got a [object Undefined]
    at Route.<computed> [as get] (/home/darkhat/projects/react-projects/react-image-editor/backend/node_modules/.pnpm/express@4.22.1/node_modules/express/lib/router/route.js:216:15)
    at proto.<computed> [as get] (/home/darkhat/projects/react-projects/react-image-editor/backend/node_modules/.pnpm/express@4.22.1/node_modules/express/lib/router/index.js:521:19)
    at Object.<anonymous> (/home/darkhat/projects/react-projects/react-image-editor/backend/src/routes/users.js:15:8)
    at Module._compile (node:internal/modules/cjs/loader:1705:14)
    at Module._extensions..js (node:internal/modules/cjs/loader:1838:10)
    at Module.load (node:internal/modules/cjs/loader:1441:32)
    at Module._load (node:internal/modules/cjs/loader:1263:12)
    at TracingChannel.traceSync (node:diagnostics_channel:328:14)
    at wrapModuleLoad (node:internal/modules/cjs/loader:237:24)
    at Module.require (node:internal/modules/cjs/loader:1463:12)
2026-03-23 10:53:12 [ERROR]: uncaughtException: Route.get() requires a callback function but got a [object Undefined]
Error: Route.get() requires a callback function but got a [object Undefined]
    at Route.<computed> [as get] (/home/darkhat/projects/react-projects/react-image-editor/backend/node_modules/.pnpm/express@4.22.1/node_modules/express/lib/router/route.js:216:15)
    at proto.<computed> [as get] (/home/darkhat/projects/react-projects/react-image-editor/backend/node_modules/.pnpm/express@4.22.1/node_modules/express/lib/router/index.js:521:19)
    at Object.<anonymous> (/home/darkhat/projects/react-projects/react-image-editor/backend/src/routes/users.js:15:8)
    at Module._compile (node:internal/modules/cjs/loader:1705:14)
    at Module._extensions..js (node:internal/modules/cjs/loader:1838:10)
    at Module.load (node:internal/modules/cjs/loader:1441:32)
    at Module._load (node:internal/modules/cjs/loader:1263:12)
    at TracingChannel.traceSync (node:diagnostics_channel:328:14)
    at wrapModuleLoad (node:internal/modules/cjs/loader:237:24)
    at Module.require (node:internal/modules/cjs/loader:1463:12) {"error":{},"exception":true,"date":"Mon Mar 23 2026 10:53:12 GMT+0300 (East Africa Time)","process":{"pid":194505,"uid":1000,"gid":1000,"cwd":"/home/darkhat/projects/react-projects/react-image-editor/backend","execPath":"/usr/bin/node","version":"v22.22.1","argv":["/usr/bin/node","/home/darkhat/projects/react-projects/react-image-editor/backend/src/app.js"],"memoryUsage":{"rss":123482112,"heapTotal":60805120,"heapUsed":34390392,"external":20691760,"arrayBuffers":18297511}},"os":{"loadavg":[2.59,2.8,3.07],"uptime":89983.43},"trace":[{"column":15,"file":"/home/darkhat/projects/react-projects/react-image-editor/backend/node_modules/.pnpm/express@4.22.1/node_modules/express/lib/router/route.js","function":"Route.<computed> [as get]","line":216,"method":"<computed> [as get]","native":false},{"column":19,"file":"/home/darkhat/projects/react-projects/react-image-editor/backend/node_modules/.pnpm/express@4.22.1/node_modules/express/lib/router/index.js","function":"proto.<computed> [as get]","line":521,"method":"<computed> [as get]","native":false},{"column":8,"file":"/home/darkhat/projects/react-projects/react-image-editor/backend/src/routes/users.js","function":null,"line":15,"method":null,"native":false},{"column":14,"file":"node:internal/modules/cjs/loader","function":"Module._compile","line":1705,"method":"_compile","native":false},{"column":10,"file":"node:internal/modules/cjs/loader","function":"Module._extensions..js","line":1838,"method":".js","native":false},{"column":32,"file":"node:internal/modules/cjs/loader","function":"Module.load","line":1441,"method":"load","native":false},{"column":12,"file":"node:internal/modules/cjs/loader","function":"Module._load","line":1263,"method":"_load","native":false},{"column":14,"file":"node:diagnostics_channel","function":"TracingChannel.traceSync","line":328,"method":"traceSync","native":false},{"column":24,"file":"node:internal/modules/cjs/loader","function":"wrapModuleLoad","line":237,"method":null,"native":false},{"column":12,"file":"node:internal/modules/cjs/loader","function":"Module.require","line":1463,"method":"require","native":false}],"service":"ai-media-editor"}
Error: Route.get() requires a callback function but got a [object Undefined]
    at Route.<computed> [as get] (/home/darkhat/projects/react-projects/react-image-editor/backend/node_modules/.pnpm/express@4.22.1/node_modules/express/lib/router/route.js:216:15)
    at proto.<computed> [as get] (/home/darkhat/projects/react-projects/react-image-editor/backend/node_modules/.pnpm/express@4.22.1/node_modules/express/lib/router/index.js:521:19)
    at Object.<anonymous> (/home/darkhat/projects/react-projects/react-image-editor/backend/src/routes/users.js:15:8)
    at Module._compile (node:internal/modules/cjs/loader:1705:14)
    at Module._extensions..js (node:internal/modules/cjs/loader:1838:10)
    at Module.load (node:internal/modules/cjs/loader:1441:32)
    at Module._load (node:internal/modules/cjs/loader:1263:12)
    at TracingChannel.traceSync (node:diagnostics_channel:328:14)
    at wrapModuleLoad (node:internal/modules/cjs/loader:237:24)
    at Module.require (node:internal/modules/cjs/loader:1463:12)
2026-03-23 10:53:58 [ERROR]: uncaughtException: Route.get() requires a callback function but got a [object Undefined]
Error: Route.get() requires a callback function but got a [object Undefined]
    at Route.<computed> [as get] (/home/darkhat/projects/react-projects/react-image-editor/backend/node_modules/.pnpm/express@4.22.1/node_modules/express/lib/router/route.js:216:15)
    at proto.<computed> [as get] (/home/darkhat/projects/react-projects/react-image-editor/backend/node_modules/.pnpm/express@4.22.1/node_modules/express/lib/router/index.js:521:19)
    at Object.<anonymous> (/home/darkhat/projects/react-projects/react-image-editor/backend/src/routes/users.js:15:8)
    at Module._compile (node:internal/modules/cjs/loader:1705:14)
    at Module._extensions..js (node:internal/modules/cjs/loader:1838:10)
    at Module.load (node:internal/modules/cjs/loader:1441:32)
    at Module._load (node:internal/modules/cjs/loader:1263:12)
    at TracingChannel.traceSync (node:diagnostics_channel:328:14)
    at wrapModuleLoad (node:internal/modules/cjs/loader:237:24)
    at Module.require (node:internal/modules/cjs/loader:1463:12) {"error":{},"exception":true,"date":"Mon Mar 23 2026 10:53:58 GMT+0300 (East Africa Time)","process":{"pid":195303,"uid":1000,"gid":1000,"cwd":"/home/darkhat/projects/react-projects/react-image-editor/backend","execPath":"/usr/bin/node","version":"v22.22.1","argv":["/usr/bin/node","/home/darkhat/projects/react-projects/react-image-editor/backend/src/app.js"],"memoryUsage":{"rss":124514304,"heapTotal":60805120,"heapUsed":34678072,"external":20691760,"arrayBuffers":18297511}},"os":{"loadavg":[2.38,2.67,3.01],"uptime":90029.27},"trace":[{"column":15,"file":"/home/darkhat/projects/react-projects/react-image-editor/backend/node_modules/.pnpm/express@4.22.1/node_modules/express/lib/router/route.js","function":"Route.<computed> [as get]","line":216,"method":"<computed> [as get]","native":false},{"column":19,"file":"/home/darkhat/projects/react-projects/react-image-editor/backend/node_modules/.pnpm/express@4.22.1/node_modules/express/lib/router/index.js","function":"proto.<computed> [as get]","line":521,"method":"<computed> [as get]","native":false},{"column":8,"file":"/home/darkhat/projects/react-projects/react-image-editor/backend/src/routes/users.js","function":null,"line":15,"method":null,"native":false},{"column":14,"file":"node:internal/modules/cjs/loader","function":"Module._compile","line":1705,"method":"_compile","native":false},{"column":10,"file":"node:internal/modules/cjs/loader","function":"Module._extensions..js","line":1838,"method":".js","native":false},{"column":32,"file":"node:internal/modules/cjs/loader","function":"Module.load","line":1441,"method":"load","native":false},{"column":12,"file":"node:internal/modules/cjs/loader","function":"Module._load","line":1263,"method":"_load","native":false},{"column":14,"file":"node:diagnostics_channel","function":"TracingChannel.traceSync","line":328,"method":"traceSync","native":false},{"column":24,"file":"node:internal/modules/cjs/loader","function":"wrapModuleLoad","line":237,"method":null,"native":false},{"column":12,"file":"node:internal/modules/cjs/loader","function":"Module.require","line":1463,"method":"require","native":false}],"service":"ai-media-editor"}
Error: Route.get() requires a callback function but got a [object Undefined]
    at Route.<computed> [as get] (/home/darkhat/projects/react-projects/react-image-editor/backend/node_modules/.pnpm/express@4.22.1/node_modules/express/lib/router/route.js:216:15)
    at proto.<computed> [as get] (/home/darkhat/projects/react-projects/react-image-editor/backend/node_modules/.pnpm/express@4.22.1/node_modules/express/lib/router/index.js:521:19)
    at Object.<anonymous> (/home/darkhat/projects/react-projects/react-image-editor/backend/src/routes/users.js:15:8)
    at Module._compile (node:internal/modules/cjs/loader:1705:14)
    at Module._extensions..js (node:internal/modules/cjs/loader:1838:10)
    at Module.load (node:internal/modules/cjs/loader:1441:32)
    at Module._load (node:internal/modules/cjs/loader:1263:12)
    at TracingChannel.traceSync (node:diagnostics_channel:328:14)
    at wrapModuleLoad (node:internal/modules/cjs/loader:237:24)
    at Module.require (node:internal/modules/cjs/loader:1463:12)
2026-03-23 10:55:21 [ERROR]: uncaughtException: Route.get() requires a callback function but got a [object Undefined]
Error: Route.get() requires a callback function but got a [object Undefined]
    at Route.<computed> [as get] (/home/darkhat/projects/react-projects/react-image-editor/backend/node_modules/.pnpm/express@4.22.1/node_modules/express/lib/router/route.js:216:15)
    at proto.<computed> [as get] (/home/darkhat/projects/react-projects/react-image-editor/backend/node_modules/.pnpm/express@4.22.1/node_modules/express/lib/router/index.js:521:19)
    at Object.<anonymous> (/home/darkhat/projects/react-projects/react-image-editor/backend/src/routes/users.js:15:8)
    at Module._compile (node:internal/modules/cjs/loader:1705:14)
    at Module._extensions..js (node:internal/modules/cjs/loader:1838:10)
    at Module.load (node:internal/modules/cjs/loader:1441:32)
    at Module._load (node:internal/modules/cjs/loader:1263:12)
    at TracingChannel.traceSync (node:diagnostics_channel:328:14)
    at wrapModuleLoad (node:internal/modules/cjs/loader:237:24)
    at Module.require (node:internal/modules/cjs/loader:1463:12) {"error":{},"exception":true,"date":"Mon Mar 23 2026 10:55:21 GMT+0300 (East Africa Time)","process":{"pid":197272,"uid":1000,"gid":1000,"cwd":"/home/darkhat/projects/react-projects/react-image-editor/backend","execPath":"/usr/bin/node","version":"v22.22.1","argv":["/usr/bin/node","/home/darkhat/projects/react-projects/react-image-editor/backend/src/app.js"],"memoryUsage":{"rss":122454016,"heapTotal":60542976,"heapUsed":34779768,"external":20691760,"arrayBuffers":18297511}},"os":{"loadavg":[8.41,4.2,3.5],"uptime":90112.66},"trace":[{"column":15,"file":"/home/darkhat/projects/react-projects/react-image-editor/backend/node_modules/.pnpm/express@4.22.1/node_modules/express/lib/router/route.js","function":"Route.<computed> [as get]","line":216,"method":"<computed> [as get]","native":false},{"column":19,"file":"/home/darkhat/projects/react-projects/react-image-editor/backend/node_modules/.pnpm/express@4.22.1/node_modules/express/lib/router/index.js","function":"proto.<computed> [as get]","line":521,"method":"<computed> [as get]","native":false},{"column":8,"file":"/home/darkhat/projects/react-projects/react-image-editor/backend/src/routes/users.js","function":null,"line":15,"method":null,"native":false},{"column":14,"file":"node:internal/modules/cjs/loader","function":"Module._compile","line":1705,"method":"_compile","native":false},{"column":10,"file":"node:internal/modules/cjs/loader","function":"Module._extensions..js","line":1838,"method":".js","native":false},{"column":32,"file":"node:internal/modules/cjs/loader","function":"Module.load","line":1441,"method":"load","native":false},{"column":12,"file":"node:internal/modules/cjs/loader","function":"Module._load","line":1263,"method":"_load","native":false},{"column":14,"file":"node:diagnostics_channel","function":"TracingChannel.traceSync","line":328,"method":"traceSync","native":false},{"column":24,"file":"node:internal/modules/cjs/loader","function":"wrapModuleLoad","line":237,"method":null,"native":false},{"column":12,"file":"node:internal/modules/cjs/loader","function":"Module.require","line":1463,"method":"require","native":false}],"service":"ai-media-editor"}
Error: Route.get() requires a callback function but got a [object Undefined]
    at Route.<computed> [as get] (/home/darkhat/projects/react-projects/react-image-editor/backend/node_modules/.pnpm/express@4.22.1/node_modules/express/lib/router/route.js:216:15)
    at proto.<computed> [as get] (/home/darkhat/projects/react-projects/react-image-editor/backend/node_modules/.pnpm/express@4.22.1/node_modules/express/lib/router/index.js:521:19)
    at Object.<anonymous> (/home/darkhat/projects/react-projects/react-image-editor/backend/src/routes/users.js:15:8)
    at Module._compile (node:internal/modules/cjs/loader:1705:14)
    at Module._extensions..js (node:internal/modules/cjs/loader:1838:10)
    at Module.load (node:internal/modules/cjs/loader:1441:32)
    at Module._load (node:internal/modules/cjs/loader:1263:12)
    at TracingChannel.traceSync (node:diagnostics_channel:328:14)
    at wrapModuleLoad (node:internal/modules/cjs/loader:237:24)
    at Module.require (node:internal/modules/cjs/loader:1463:12)
